<?xml version="1.0" encoding="UTF-8"?>
<!-- Generated by org.testng.reporters.JUnitReportReporter -->
<testsuite hostname="LAPTOP-N312824R" failures="0" tests="11" name="com.opencart.runners.TestRunner" time="131.906" errors="0" timestamp="2026-06-04T13:51:10 IST" skipped="0">
  <testcase classname="com.opencart.runners.TestRunner" name="runScenario" time="10.609"/>
  <testcase classname="com.opencart.runners.TestRunner" name="runScenario" time="11.553"/>
  <testcase classname="com.opencart.runners.TestRunner" name="runScenario" time="8.945"/>
  <testcase classname="com.opencart.runners.TestRunner" name="runScenario" time="11.144"/>
  <testcase classname="com.opencart.runners.TestRunner" name="runScenario" time="13.202"/>
  <testcase classname="com.opencart.runners.TestRunner" name="runScenario" time="10.704"/>
  <testcase classname="com.opencart.runners.TestRunner" name="runScenario" time="8.879"/>
  <testcase classname="com.opencart.runners.TestRunner" name="runScenario" time="22.254"/>
  <testcase classname="com.opencart.runners.TestRunner" name="runScenario" time="9.025"/>
  <testcase classname="com.opencart.runners.TestRunner" name="runScenario" time="14.947"/>
  <testcase classname="com.opencart.runners.TestRunner" name="runScenario" time="10.644"/>
</testsuite> <!-- com.opencart.runners.TestRunner -->
